<?xml version="1.0" encoding="UTF-8"?>
<robot generator="Robot 7.0 (Python 3.12.2 on win32)" generated="2024-04-11T18:37:48.822052" rpa="false" schemaversion="5">
<suite id="s1" name="Android Testing" source="C:\Users\hieudm\PycharmProjects\autotest_learn\mobile_testing\android_testing.robot">
<test id="s1-t1" name="Test Successful Login On Mobile" line="16">
<kw name="Open Application" owner="AppiumLibrary">
<arg>${URL}</arg>
<arg>platformName=${PLATFORM_NAME}</arg>
<arg>deviceName=${DEVICE_NAME}</arg>
<arg>app=${APP}</arg>
<arg>automationName=UiAutomator2</arg>
<doc>Opens a new application to given Appium server.
Capabilities of appium server, Android and iOS,
Please check https://github.com/appium/appium/blob/master/docs/en/writing-running-appium/server-args.md
| *Option*            | *Man.* | *Description*     |
| remote_url          | Yes    | Appium server url |
| alias               | no     | alias             |
| strict_ssl          | No     | allows you to send commands to an invalid certificate host like a self-signed one. |</doc>
<status status="PASS" start="2024-04-11T18:37:48.907278" elapsed="12.403276"/>
</kw>
<status status="PASS" start="2024-04-11T18:37:48.907278" elapsed="12.403276"/>
</test>
<doc>Test suite for mobile application login.</doc>
<status status="PASS" start="2024-04-11T18:37:48.822052" elapsed="12.489499"/>
</suite>
<statistics>
<total>
<stat pass="1" fail="0" skip="0">All Tests</stat>
</total>
<tag>
</tag>
<suite>
<stat pass="1" fail="0" skip="0" id="s1" name="Android Testing">Android Testing</stat>
</suite>
</statistics>
<errors>
</errors>
</robot>
