<?xml version="1.0" encoding="UTF-8"?>
<robot generator="Robot 7.0 (Python 3.12.2 on win32)" generated="2024-04-11T11:30:15.133196" rpa="false" schemaversion="5">
<suite id="s1" name="Person Test" source="C:\Users\hieudm\PycharmProjects\autotest_learn\api_testing\person_test.robot">
<test id="s1-t1" name="Create Account API" line="11">
<kw name="Set Variable" owner="BuiltIn">
<msg time="2024-04-11T11:30:15.191007" level="INFO">${CREATE_ACCOUNT_BODY} = {"name": "Hoang Van C", "dob": "2000-03-15", "status": "ACTIVATE"}</msg>
<var>${CREATE_ACCOUNT_BODY}</var>
<arg>{"name": "Hoang Van C", "dob": "2000-03-15", "status": "ACTIVATE"}</arg>
<doc>Returns the given values which can then be assigned to a variables.</doc>
<status status="PASS" start="2024-04-11T11:30:15.191007" elapsed="0.000000"/>
</kw>
<kw name="Create Dictionary" owner="BuiltIn">
<msg time="2024-04-11T11:30:15.191007" level="INFO">&amp;{headers} = { Content-Type=application/json | Authorization=Basic kjasdflkjgskljgkfjgflkagjlkwadjgklhdfglkfdjglkfj }</msg>
<var>&amp;{headers}</var>
<arg>Content-Type=application/json</arg>
<arg>Authorization=${authorization}</arg>
<doc>Creates and returns a dictionary based on the given ``items``.</doc>
<status status="PASS" start="2024-04-11T11:30:15.191007" elapsed="0.000000"/>
</kw>
<kw name="Create Session" owner="RequestsLibrary">
<msg time="2024-04-11T11:30:15.192003" level="INFO">Creating Session using : alias=createAccountApi, url=http://localhost:3030, headers={'Content-Type': 'application/json', 'Authorization': 'Basic kjasdflkjgskljgkfjgflkagjlkwadjgklhdfglkfdjglkfj'},                     cookies={}, auth=None, timeout=None, proxies=None, verify=False,                     debug=0 </msg>
<arg>createAccountApi</arg>
<arg>${accountServiceUrl}</arg>
<arg>headers=${headers}</arg>
<doc>Create Session: create a HTTP session to a server</doc>
<status status="PASS" start="2024-04-11T11:30:15.191007" elapsed="0.000996"/>
</kw>
<kw name="POST On Session" owner="RequestsLibrary">
<msg time="2024-04-11T11:30:15.203964" level="INFO">POST Request : url=http://localhost:3030/persons 
 path_url=/persons 
 headers={'User-Agent': 'python-requests/2.31.0', 'Accept-Encoding': 'gzip, deflate', 'Accept': '*/*', 'Connection': 'keep-alive', 'Content-Type': 'application/json', 'Authorization': 'Basic kjasdflkjgskljgkfjgflkagjlkwadjgklhdfglkfdjglkfj', 'Content-Length': '66'} 
 body={"name": "Hoang Van C", "dob": "2000-03-15", "status": "ACTIVATE"} 
 </msg>
<msg time="2024-04-11T11:30:15.203964" level="INFO">POST Response : url=http://localhost:3030/persons 
 status=200, reason=OK 
 headers={'Content-Type': 'application/json', 'Content-Length': '113'} 
 body={"meta":{"code":"MANAGE-200","message":"Success","errors":null,"page":null,"size":null,"total":null},"data":null} 
 </msg>
<msg time="2024-04-11T11:30:15.203964" level="INFO">${response} = &lt;Response [200]&gt;</msg>
<var>${response}</var>
<arg>createAccountApi</arg>
<arg>/persons</arg>
<arg>data=${CREATE_ACCOUNT_BODY}</arg>
<arg>headers=${headers}</arg>
<arg>expected_status=200</arg>
<doc>Sends a POST request on a previously created HTTP Session.</doc>
<status status="PASS" start="2024-04-11T11:30:15.192003" elapsed="0.011961"/>
</kw>
<kw name="Log To Console" owner="BuiltIn">
<arg>${response}</arg>
<doc>Logs the given message to the console.</doc>
<status status="PASS" start="2024-04-11T11:30:15.204961" elapsed="0.000000"/>
</kw>
<status status="PASS" start="2024-04-11T11:30:15.190010" elapsed="0.014951"/>
</test>
<test id="s1-t2" name="Get Account API" line="42">
<kw name="Create Dictionary" owner="BuiltIn">
<msg time="2024-04-11T11:30:15.205958" level="INFO">&amp;{headers} = { Content-Type=application/json | Authorization=Basic kjasdflkjgskljgkfjgflkagjlkwadjgklhdfglkfdjglkfj }</msg>
<var>&amp;{headers}</var>
<arg>Content-Type=application/json</arg>
<arg>Authorization=${authorization}</arg>
<doc>Creates and returns a dictionary based on the given ``items``.</doc>
<status status="PASS" start="2024-04-11T11:30:15.205958" elapsed="0.000000"/>
</kw>
<kw name="Create Session" owner="RequestsLibrary">
<msg time="2024-04-11T11:30:15.205958" level="INFO">Creating Session using : alias=getAccountApi, url=http://localhost:3030, headers={'Content-Type': 'application/json', 'Authorization': 'Basic kjasdflkjgskljgkfjgflkagjlkwadjgklhdfglkfdjglkfj'},                     cookies={}, auth=None, timeout=None, proxies=None, verify=False,                     debug=0 </msg>
<arg>getAccountApi</arg>
<arg>${accountServiceUrl}</arg>
<arg>headers=${headers}</arg>
<doc>Create Session: create a HTTP session to a server</doc>
<status status="PASS" start="2024-04-11T11:30:15.205958" elapsed="0.000000"/>
</kw>
<kw name="GET On Session" owner="RequestsLibrary">
<msg time="2024-04-11T11:30:15.211939" level="INFO">GET Request : url=http://localhost:3030/persons?page=0&amp;size=3&amp;name=ANh 
 path_url=/persons?page=0&amp;size=3&amp;name=ANh 
 headers={'User-Agent': 'python-requests/2.31.0', 'Accept-Encoding': 'gzip, deflate', 'Accept': '*/*', 'Connection': 'keep-alive', 'Content-Type': 'application/json', 'Authorization': 'Basic kjasdflkjgskljgkfjgflkagjlkwadjgklhdfglkfdjglkfj'} 
 body=None 
 </msg>
<msg time="2024-04-11T11:30:15.211939" level="INFO">GET Response : url=http://localhost:3030/persons?page=0&amp;size=3&amp;name=ANh 
 status=200, reason=OK 
 headers={'Content-Type': 'application/json', 'Content-Length': '241'} 
 body={"meta":{"code":"MANAGE-200","message":"Success","errors":null,"page":0,"size":3,"total":1},"data":[{"id":4,"name":"Truong Huyen Anh","dob":"1999-12-12","createdAt":"2023-12-13T00:06:54.97+07:00","updatedAt":"2023-12-13T00:06:54.97+07:00"}]} 
 </msg>
<msg time="2024-04-11T11:30:15.211939" level="INFO">${response} = &lt;Response [200]&gt;</msg>
<var>${response}</var>
<arg>getAccountApi</arg>
<arg>/persons</arg>
<arg>params=page=0&amp;size=3&amp;name=ANh</arg>
<arg>expected_status=200</arg>
<doc>Sends a GET request on a previously created HTTP Session.</doc>
<status status="PASS" start="2024-04-11T11:30:15.205958" elapsed="0.005981"/>
</kw>
<kw name="Log To Console" owner="BuiltIn">
<arg>${response}</arg>
<doc>Logs the given message to the console.</doc>
<status status="PASS" start="2024-04-11T11:30:15.211939" elapsed="0.000996"/>
</kw>
<status status="PASS" start="2024-04-11T11:30:15.205958" elapsed="0.006977"/>
</test>
<test id="s1-t3" name="Update Account API" line="48">
<kw name="Create Dictionary" owner="BuiltIn">
<msg time="2024-04-11T11:30:15.212935" level="INFO">&amp;{headers} = { Content-Type=application/json | Authorization=Basic kjasdflkjgskljgkfjgflkagjlkwadjgklhdfglkfdjglkfj }</msg>
<var>&amp;{headers}</var>
<arg>Content-Type=application/json</arg>
<arg>Authorization=${authorization}</arg>
<doc>Creates and returns a dictionary based on the given ``items``.</doc>
<status status="PASS" start="2024-04-11T11:30:15.212935" elapsed="0.000000"/>
</kw>
<kw name="Set Variable" owner="BuiltIn">
<msg time="2024-04-11T11:30:15.213932" level="INFO">${id} = 34</msg>
<var>${id}</var>
<arg>34</arg>
<doc>Returns the given values which can then be assigned to a variables.</doc>
<status status="PASS" start="2024-04-11T11:30:15.213932" elapsed="0.000000"/>
</kw>
<kw name="Set Variable" owner="BuiltIn">
<msg time="2024-04-11T11:30:15.213932" level="INFO">${name} = Nguyen Van A1</msg>
<var>${name}</var>
<arg>Nguyen Van A1</arg>
<doc>Returns the given values which can then be assigned to a variables.</doc>
<status status="PASS" start="2024-04-11T11:30:15.213932" elapsed="0.000000"/>
</kw>
<kw name="Create Dictionary" owner="BuiltIn">
<msg time="2024-04-11T11:30:15.213932" level="INFO">&amp;{body} = { name=Nguyen Van A1 }</msg>
<var>&amp;{body}</var>
<arg>name=${name}</arg>
<doc>Creates and returns a dictionary based on the given ``items``.</doc>
<status status="PASS" start="2024-04-11T11:30:15.213932" elapsed="0.000000"/>
</kw>
<kw name="Create Session" owner="RequestsLibrary">
<msg time="2024-04-11T11:30:15.213932" level="INFO">Creating Session using : alias=updateAccountApi, url=http://localhost:3030, headers={'Content-Type': 'application/json', 'Authorization': 'Basic kjasdflkjgskljgkfjgflkagjlkwadjgklhdfglkfdjglkfj'},                     cookies={}, auth=None, timeout=None, proxies=None, verify=False,                     debug=0 </msg>
<arg>updateAccountApi</arg>
<arg>${accountServiceUrl}</arg>
<arg>headers=${headers}</arg>
<doc>Create Session: create a HTTP session to a server</doc>
<status status="PASS" start="2024-04-11T11:30:15.213932" elapsed="0.000000"/>
</kw>
<kw name="PUT On Session" owner="RequestsLibrary">
<msg time="2024-04-11T11:30:15.219912" level="INFO">PUT Request : url=http://localhost:3030/persons/34 
 path_url=/persons/34 
 headers={'User-Agent': 'python-requests/2.31.0', 'Accept-Encoding': 'gzip, deflate', 'Accept': '*/*', 'Connection': 'keep-alive', 'Content-Type': 'application/json', 'Authorization': 'Basic kjasdflkjgskljgkfjgflkagjlkwadjgklhdfglkfdjglkfj', 'Content-Length': '25'} 
 body=b'{"name": "Nguyen Van A1"}' 
 </msg>
<msg time="2024-04-11T11:30:15.219912" level="INFO">PUT Response : url=http://localhost:3030/persons/34 
 status=200, reason=OK 
 headers={'Content-Type': 'application/json', 'Content-Length': '254'} 
 body={"meta":{"code":"MANAGE-200","message":"Success","errors":null,"page":null,"size":null,"total":null},"data":{"id":34,"name":"Nguyen Van A1","dob":"2000-03-15","createdAt":"2024-04-10T15:43:11.716979+07:00","updatedAt":"2024-04-11T11:30:15.216922+07:00"}} 
 </msg>
<msg time="2024-04-11T11:30:15.219912" level="INFO">${response} = &lt;Response [200]&gt;</msg>
<var>${response}</var>
<arg>updateAccountApi</arg>
<arg>/persons/${id}</arg>
<arg>json=${body}</arg>
<arg>expected_status=200</arg>
<doc>Sends a PUT request on a previously created HTTP Session.</doc>
<status status="PASS" start="2024-04-11T11:30:15.213932" elapsed="0.005980"/>
</kw>
<kw name="Set Variable" owner="BuiltIn">
<msg time="2024-04-11T11:30:15.220909" level="INFO">${response_data} = {'meta': {'code': 'MANAGE-200', 'message': 'Success', 'errors': None, 'page': None, 'size': None, 'total': None}, 'data': {'id': 34, 'name': 'Nguyen Van A1', 'dob': '2000-03-15', 'createdAt': '2024-04...</msg>
<var>${response_data}</var>
<arg>${response.json()}</arg>
<doc>Returns the given values which can then be assigned to a variables.</doc>
<status status="PASS" start="2024-04-11T11:30:15.220909" elapsed="0.000000"/>
</kw>
<kw name="Log To Console" owner="BuiltIn">
<arg>${response_data}</arg>
<doc>Logs the given message to the console.</doc>
<status status="PASS" start="2024-04-11T11:30:15.220909" elapsed="0.000000"/>
</kw>
<kw name="Should Be Equal As Strings" owner="BuiltIn">
<msg time="2024-04-11T11:30:15.220909" level="INFO">Argument types are:
&lt;class 'int'&gt;
&lt;class 'str'&gt;</msg>
<arg>${response_data['data']['id']}</arg>
<arg>${id}</arg>
<doc>Fails if objects are unequal after converting them to strings.</doc>
<status status="PASS" start="2024-04-11T11:30:15.220909" elapsed="0.000997"/>
</kw>
<kw name="Should Be Equal" owner="BuiltIn">
<arg>${response_data['data']['name']}</arg>
<arg>${name}</arg>
<doc>Fails if the given objects are unequal.</doc>
<status status="PASS" start="2024-04-11T11:30:15.221906" elapsed="0.000000"/>
</kw>
<status status="PASS" start="2024-04-11T11:30:15.212935" elapsed="0.008971"/>
</test>
<test id="s1-t4" name="Delete Account API" line="81">
<kw name="Create Dictionary" owner="BuiltIn">
<msg time="2024-04-11T11:30:15.221906" level="INFO">&amp;{headers} = { Content-Type=application/json | Authorization=Basic kjasdflkjgskljgkfjgflkagjlkwadjgklhdfglkfdjglkfj }</msg>
<var>&amp;{headers}</var>
<arg>Content-Type=application/json</arg>
<arg>Authorization=${authorization}</arg>
<doc>Creates and returns a dictionary based on the given ``items``.</doc>
<status status="PASS" start="2024-04-11T11:30:15.221906" elapsed="0.000000"/>
</kw>
<kw name="Set Variable" owner="BuiltIn">
<msg time="2024-04-11T11:30:15.222902" level="INFO">${id} = 35</msg>
<var>${id}</var>
<arg>35</arg>
<doc>Returns the given values which can then be assigned to a variables.</doc>
<status status="PASS" start="2024-04-11T11:30:15.221906" elapsed="0.000996"/>
</kw>
<kw name="Create Session" owner="RequestsLibrary">
<msg time="2024-04-11T11:30:15.222902" level="INFO">Creating Session using : alias=deleteAccountApi, url=http://localhost:3030, headers={'Content-Type': 'application/json', 'Authorization': 'Basic kjasdflkjgskljgkfjgflkagjlkwadjgklhdfglkfdjglkfj'},                     cookies={}, auth=None, timeout=None, proxies=None, verify=False,                     debug=0 </msg>
<arg>deleteAccountApi</arg>
<arg>${accountServiceUrl}</arg>
<arg>headers=${headers}</arg>
<doc>Create Session: create a HTTP session to a server</doc>
<status status="PASS" start="2024-04-11T11:30:15.222902" elapsed="0.000000"/>
</kw>
<kw name="DELETE On Session" owner="RequestsLibrary">
<msg time="2024-04-11T11:30:15.226890" level="INFO">DELETE Request : url=http://localhost:3030/persons/35 
 path_url=/persons/35 
 headers={'User-Agent': 'python-requests/2.31.0', 'Accept-Encoding': 'gzip, deflate', 'Accept': '*/*', 'Connection': 'keep-alive', 'Content-Type': 'application/json', 'Authorization': 'Basic kjasdflkjgskljgkfjgflkagjlkwadjgklhdfglkfdjglkfj', 'Content-Length': '0'} 
 body=None 
 </msg>
<msg time="2024-04-11T11:30:15.226890" level="INFO">DELETE Response : url=http://localhost:3030/persons/35 
 status=400, reason=Bad Request 
 headers={'Content-Type': 'application/json', 'content-length': '127'} 
 body={"meta":{"code":"MANAGE-4045","message":"Invalid person id 35","errors":null,"page":null,"size":null,"total":null},"data":null} 
 </msg>
<msg time="2024-04-11T11:30:15.226890" level="INFO">${response} = &lt;Response [400]&gt;</msg>
<var>${response}</var>
<arg>deleteAccountApi</arg>
<arg>/persons/${id}</arg>
<arg>expected_status=400</arg>
<doc>Sends a DELETE request on a previously created HTTP Session.</doc>
<status status="PASS" start="2024-04-11T11:30:15.222902" elapsed="0.003988"/>
</kw>
<kw name="Set Variable" owner="BuiltIn">
<msg time="2024-04-11T11:30:15.226890" level="INFO">${response_data} = {'meta': {'code': 'MANAGE-4045', 'message': 'Invalid person id 35', 'errors': None, 'page': None, 'size': None, 'total': None}, 'data': None}</msg>
<var>${response_data}</var>
<arg>${response.json()}</arg>
<doc>Returns the given values which can then be assigned to a variables.</doc>
<status status="PASS" start="2024-04-11T11:30:15.226890" elapsed="0.000000"/>
</kw>
<kw name="Log To Console" owner="BuiltIn">
<arg>${response_data}</arg>
<doc>Logs the given message to the console.</doc>
<status status="PASS" start="2024-04-11T11:30:15.226890" elapsed="0.000996"/>
</kw>
<kw name="Should Be Equal" owner="BuiltIn">
<arg>${response_data['meta']['code']}</arg>
<arg>MANAGE-4045</arg>
<doc>Fails if the given objects are unequal.</doc>
<status status="PASS" start="2024-04-11T11:30:15.227886" elapsed="0.000000"/>
</kw>
<kw name="Should Not Be Empty" owner="BuiltIn">
<msg time="2024-04-11T11:30:15.227886" level="INFO">Length is 20.</msg>
<arg>${response_data['meta']['message']}</arg>
<doc>Verifies that the given item is not empty.</doc>
<status status="PASS" start="2024-04-11T11:30:15.227886" elapsed="0.000000"/>
</kw>
<status status="PASS" start="2024-04-11T11:30:15.221906" elapsed="0.005980"/>
</test>
<status status="PASS" start="2024-04-11T11:30:15.133196" elapsed="0.095687"/>
</suite>
<statistics>
<total>
<stat pass="4" fail="0" skip="0">All Tests</stat>
</total>
<tag>
</tag>
<suite>
<stat pass="4" fail="0" skip="0" id="s1" name="Person Test">Person Test</stat>
</suite>
</statistics>
<errors>
</errors>
</robot>
